        -:    0:Source:src/cmain.c
        -:    0:Graph:obj/cmain.gcno
        -:    0:Data:obj/cmain.gcda
        -:    0:Runs:2
        -:    0:Programs:1
        -:    1:/************************************************************************* 
        -:    2:*
        -:    3:*  FILE NAME    : cmain.c
        -:    4:*
        -:    5:*  DESCRIPTION  : Contains main function for the client application.
        -:    6:*                 It validates the command-line arguments and starts the client
        -:    7:*
        -:    8:*  DATE          NAME
        -:    9:*
        -:   10:*  10-DEC-24    Batch02
        -:   11:*
        -:   12:**************************************************************************/
        -:   13:
        -:   14:
        -:   15:/*****************************************************************************
        -:   16:*                       Header Files
        -:   17:******************************************************************************/
        -:   18:#include <common.h>
        -:   19:#include <clnt_call.h>
        -:   20:
        -:   21:/****************************************************************************
        -:   22: *  Function Name   : main
        -:   23: *  Description     : Validates command-line arguments and starts the client.
        -:   24: *                    It expects exactly two arguments: the port number and IP address.
        -:   25: *  Returns         : 0 if successful, 1 if incorrect arguments are provided.
        -:   26: ****************************************************************************/
        -:   27:
        2:   28:int main(int argc,char *argv[])
        -:   29:{
        -:   30:	/* Check if the number of command-line arguments is exactly 3 */
        2:   31:	if(argc != 3)
        -:   32:    {
    #####:   33:        printf("\nEntered less or more arguments <PORT NO> <IP Address>\n");
    #####:   34:        return FAILURE;	   /* Return FAILURE if arguments count is not 3 */
        -:   35:    }
        -:   36:	/* Call the client function with the provided arguments (port and IP address) */
        2:   37:	client(argv);	/* Start the client with the given command-line arguments */
        2:   38:	return SUCCESS;
        -:   39:
        -:   40:}
