        -:    0:Source:src/smain.c
        -:    0:Graph:obj/smain.gcno
        -:    0:Data:-
        -:    0:Runs:0
        -:    0:Programs:0
        -:    1:/************************************************************************* 
        -:    2:*
        -:    3:*  FILE NAME    : smain.c
        -:    4:*
        -:    5:*  DESCRIPTION  : Contains the main function for the server application.
        -:    6:*                 Validates command-line arguments and starts the server.
        -:    7:*
        -:    8:*  DATE          NAME
        -:    9:*
        -:   10:*  10-DEC-24    Batch02
        -:   11:*
        -:   12:**************************************************************************/
        -:   13:
        -:   14:/*****************************************************************************
        -:   15:*                       Header Files
        -:   16:******************************************************************************/
        -:   17:#include <common.h>  
        -:   18:#include <srv_call.h>
        -:   19:
        -:   20:/****************************************************************************
        -:   21: *       Function Name   : main
        -:   22: *       Description     : Validates command-line arguments and starts the server.
        -:   23: *                         Expects two arguments: PORT NO and IP Address.
        -:   24: *       Returns         : 0 if successful, 1 if incorrect arguments are provided.
        -:   25: ****************************************************************************/
        -:   26:
    #####:   27:int main(int argc,char *argv[])
        -:   28:{
        -:   29:	 /* Check if the number of command-line arguments is exactly 3 */
    #####:   30:	if(argc != 3)
        -:   31:    {
    #####:   32:        printf("\nEntered less or more arguments <PORT NO> <IP Address>\n");
    #####:   33:        return FAILURE;	  	/* Return FAILURE if arguments count is not 3 */
        -:   34:    }
        -:   35:	 /* Start the server with the provided arguments (port and IP address) */
    #####:   36:	server(argv);	/* Calling the server function with the arguments */
    #####:   37:	return SUCCESS;
        -:   38:
        -:   39:}
